Plugins:
Bundled analyzers:
  - JaCoCo 1.3.0.1538 (jacoco)
  - IaC Code Quality and Security 1.40.0.13983 (iac)
  - Text Code Quality and Security 2.20.0.5038 (text)
  - Clean as You Code 2.4.0.2018 (cayc)
Global server settings:
  - sonar.azureresourcemanager.file.suffixes=.bicep
  - sonar.core.id=147B411E-AZTWgvBbnYznJrGgf0I8
  - sonar.core.startTime=2025-02-05T15:06:36+0000
  - sonar.cs.file.suffixes=.cs,.razor
  - sonar.css.file.suffixes=.css,.less,.scss,.sass
  - sonar.docker.file.patterns=Dockerfile,*.dockerfile
  - sonar.flex.file.suffixes=as
  - sonar.forceAuthentication=true
  - sonar.go.file.suffixes=.go
  - sonar.html.file.suffixes=.html,.xhtml,.cshtml,.vbhtml,.aspx,.ascx,.rhtml,.erb,.shtm,.shtml,.cmp,.twig
  - sonar.ipynb.file.suffixes=ipynb
  - sonar.java.file.suffixes=.java,.jav
  - sonar.java.jvmframeworkconfig.file.patterns=**/src/main/resources/**/*app*.properties,**/src/main/resources/**/*app*.yaml,**/src/main/resources/**/*app*.yml
  - sonar.javascript.file.suffixes=.js,.jsx,.cjs,.mjs,.vue
  - sonar.json.file.suffixes=.json
  - sonar.jsp.file.suffixes=.jsp,.jspf,.jspx
  - sonar.kotlin.file.suffixes=.kt,.kts
  - sonar.multi-quality-mode.enabled=true
  - sonar.php.file.suffixes=php,php3,php4,php5,phtml,inc
  - sonar.python.file.suffixes=py
  - sonar.qualityProfiles.allowDisableInheritedRules=true
  - sonar.ruby.file.suffixes=.rb
  - sonar.scala.file.suffixes=.scala
  - sonar.terraform.file.suffixes=.tf
  - sonar.typescript.file.suffixes=.ts,.tsx,.cts,.mts
  - sonar.vbnet.file.suffixes=.vb
  - sonar.xml.file.suffixes=.xml,.xsd,.xsl,.config
  - sonar.yaml.file.suffixes=.yaml,.yml
Project server settings:
Project scanner properties:
  - sonar.host.url=http://54.234.132.39:9000
  - sonar.login=******
  - sonar.projectBaseDir=/Users/arvindpalsinghkarwal/Documents/DevOps_Project/github clones/java-springboot-app
  - sonar.projectKey=in.flowci.Java_Application
  - sonar.projectName=Java_Application
  - sonar.projectVersion=1.0
  - sonar.scanner.apiBaseUrl=http://54.234.132.39:9000/api/v2
  - sonar.scanner.app=ScannerCLI
  - sonar.scanner.appVersion=7.0.1.4817
  - sonar.scanner.arch=arm64
  - sonar.scanner.bootstrapStartTime=1738769957433
  - sonar.scanner.home=/opt/homebrew/Cellar/sonar-scanner/7.0.1.4817/libexec
  - sonar.scanner.os=macos
  - sonar.scanner.truststorePassword=changeit
  - sonar.scanner.truststorePath=/opt/homebrew/Cellar/openjdk/23.0.2/libexec/openjdk.jdk/Contents/Home/lib/security/cacerts
  - sonar.scanner.wasEngineCacheHit=false
  - sonar.scanner.wasJreCacheHit=MISS
  - sonar.sources=src
  - sonar.verbose=true
  - sonar.working.directory=/Users/arvindpalsinghkarwal/Documents/DevOps_Project/github clones/java-springboot-app/.scannerwork
